Build started 02.12.2012 14:20:48.
     1>Project "C:\Users\cristi\Desktop\DLL\DLL\DLL.vcxproj" on node 2 (build target(s)).
     1>PrepareForBuild:
         Creating directory "C:\Users\cristi\Desktop\DLL\Debug\".
       InitializeBuildStatus:
         Creating "Debug\DLL.unsuccessfulbuild" because "AlwaysCreate" was specified.
       ClCompile:
         h:\Visual Studio 2010\VC\bin\CL.exe /c /ZI /nologo /W3 /WX- /Od /Oy- /D WIN32 /D _DEBUG /D _WINDOWS /D _USRDLL /D DLL_EXPORTS /D _WINDLL /D _UNICODE /D UNICODE /Gm /EHsc /RTC1 /MDd /GS /fp:precise /Zc:wchar_t /Zc:forScope /Fo"Debug\\" /Fd"Debug\vc100.pdb" /Gd /TP /analyze- /errorReport:prompt DLLcpp.cpp
         DLLcpp.cpp
       ManifestResourceCompile:
         C:\Program Files (x86)\Microsoft SDKs\Windows\v7.0A\bin\rc.exe /nologo /fo"Debug\DLL.dll.embed.manifest.res" Debug\DLL_manifest.rc 
       Link:
         h:\Visual Studio 2010\VC\bin\link.exe /ERRORREPORT:PROMPT /OUT:"C:\Users\cristi\Desktop\DLL\Debug\DLL.dll" /INCREMENTAL /NOLOGO kernel32.lib user32.lib gdi32.lib winspool.lib comdlg32.lib advapi32.lib shell32.lib ole32.lib oleaut32.lib uuid.lib odbc32.lib odbccp32.lib /MANIFEST /ManifestFile:"Debug\DLL.dll.intermediate.manifest" /MANIFESTUAC:"level='asInvoker' uiAccess='false'" /DEBUG /PDB:"C:\Users\cristi\Desktop\DLL\Debug\DLL.pdb" /SUBSYSTEM:WINDOWS /TLBID:1 /DYNAMICBASE /NXCOMPAT /IMPLIB:"C:\Users\cristi\Desktop\DLL\Debug\DLL.lib" /MACHINE:X86 /DLL Debug\DLL.dll.embed.manifest.res
         Debug\DLLcpp.obj
            Creating library C:\Users\cristi\Desktop\DLL\Debug\DLL.lib and object C:\Users\cristi\Desktop\DLL\Debug\DLL.exp
       Manifest:
         C:\Program Files (x86)\Microsoft SDKs\Windows\v7.0A\bin\mt.exe /nologo /verbose /out:"Debug\DLL.dll.embed.manifest" /manifest Debug\DLL.dll.intermediate.manifest
         C:\Program Files (x86)\Microsoft SDKs\Windows\v7.0A\bin\rc.exe /nologo /fo"Debug\DLL.dll.embed.manifest.res" Debug\DLL_manifest.rc 
       LinkEmbedManifest:
         h:\Visual Studio 2010\VC\bin\link.exe /ERRORREPORT:PROMPT /OUT:"C:\Users\cristi\Desktop\DLL\Debug\DLL.dll" /INCREMENTAL /NOLOGO kernel32.lib user32.lib gdi32.lib winspool.lib comdlg32.lib advapi32.lib shell32.lib ole32.lib oleaut32.lib uuid.lib odbc32.lib odbccp32.lib /MANIFEST /ManifestFile:"Debug\DLL.dll.intermediate.manifest" /MANIFESTUAC:"level='asInvoker' uiAccess='false'" /DEBUG /PDB:"C:\Users\cristi\Desktop\DLL\Debug\DLL.pdb" /SUBSYSTEM:WINDOWS /TLBID:1 /DYNAMICBASE /NXCOMPAT /IMPLIB:"C:\Users\cristi\Desktop\DLL\Debug\DLL.lib" /MACHINE:X86 /DLL Debug\DLL.dll.embed.manifest.res
         Debug\DLLcpp.obj
            Creating library C:\Users\cristi\Desktop\DLL\Debug\DLL.lib and object C:\Users\cristi\Desktop\DLL\Debug\DLL.exp
         DLL.vcxproj -> C:\Users\cristi\Desktop\DLL\Debug\DLL.dll
       FinalizeBuildStatus:
         Deleting file "Debug\DLL.unsuccessfulbuild".
         Touching "Debug\DLL.lastbuildstate".
     1>Done Building Project "C:\Users\cristi\Desktop\DLL\DLL\DLL.vcxproj" (build target(s)).

Build succeeded.

Time Elapsed 00:00:04.07
