Build started 02.12.2012 14:25:47.
     1>Project "C:\Users\cristi\Desktop\APP\APP\APP.vcxproj" on node 2 (build target(s)).
     1>PrepareForBuild:
         Creating directory "C:\Users\cristi\Desktop\APP\Debug\".
       InitializeBuildStatus:
         Creating "Debug\APP.unsuccessfulbuild" because "AlwaysCreate" was specified.
       ClCompile:
         h:\Visual Studio 2010\VC\bin\CL.exe /c /ZI /nologo /W3 /WX- /Od /Oy- /D WIN32 /D _DEBUG /D _CONSOLE /D _UNICODE /D UNICODE /Gm /EHsc /RTC1 /MDd /GS /fp:precise /Zc:wchar_t /Zc:forScope /Fo"Debug\\" /Fd"Debug\vc100.pdb" /Gd /TP /analyze- /errorReport:prompt APPcpp.cpp
         APPcpp.cpp
     1>c:\users\cristi\desktop\app\app\appcpp.cpp(9): warning C4996: 'scanf': This function or variable may be unsafe. Consider using scanf_s instead. To disable deprecation, use _CRT_SECURE_NO_WARNINGS. See online help for details.
                 h:\visual studio 2010\vc\include\stdio.h(304) : see declaration of 'scanf'
     1>c:\users\cristi\desktop\app\app\appcpp.cpp(13): warning C4996: 'scanf': This function or variable may be unsafe. Consider using scanf_s instead. To disable deprecation, use _CRT_SECURE_NO_WARNINGS. See online help for details.
                 h:\visual studio 2010\vc\include\stdio.h(304) : see declaration of 'scanf'
     1>c:\users\cristi\desktop\app\app\appcpp.cpp(16): warning C4996: 'scanf': This function or variable may be unsafe. Consider using scanf_s instead. To disable deprecation, use _CRT_SECURE_NO_WARNINGS. See online help for details.
                 h:\visual studio 2010\vc\include\stdio.h(304) : see declaration of 'scanf'
     1>c:\users\cristi\desktop\app\app\appcpp.cpp(19): warning C4996: 'getch': The POSIX name for this item is deprecated. Instead, use the ISO C++ conformant name: _getch. See online help for details.
                 h:\visual studio 2010\vc\include\conio.h(128) : see declaration of 'getch'
       ManifestResourceCompile:
         C:\Program Files (x86)\Microsoft SDKs\Windows\v7.0A\bin\rc.exe /nologo /fo"Debug\APP.exe.embed.manifest.res" Debug\APP_manifest.rc 
       Link:
         h:\Visual Studio 2010\VC\bin\link.exe /ERRORREPORT:PROMPT /OUT:"C:\Users\cristi\Desktop\APP\Debug\APP.exe" /INCREMENTAL /NOLOGO kernel32.lib user32.lib gdi32.lib winspool.lib comdlg32.lib advapi32.lib shell32.lib ole32.lib oleaut32.lib uuid.lib odbc32.lib odbccp32.lib /MANIFEST /ManifestFile:"Debug\APP.exe.intermediate.manifest" /MANIFESTUAC:"level='asInvoker' uiAccess='false'" /DEBUG /PDB:"C:\Users\cristi\Desktop\APP\Debug\APP.pdb" /SUBSYSTEM:CONSOLE /TLBID:1 /DYNAMICBASE /NXCOMPAT /IMPLIB:"C:\Users\cristi\Desktop\APP\Debug\APP.lib" /MACHINE:X86 Debug\APP.exe.embed.manifest.res
         Debug\APPcpp.obj
         DLL.lib
       Manifest:
         C:\Program Files (x86)\Microsoft SDKs\Windows\v7.0A\bin\mt.exe /nologo /verbose /out:"Debug\APP.exe.embed.manifest" /manifest Debug\APP.exe.intermediate.manifest
         C:\Program Files (x86)\Microsoft SDKs\Windows\v7.0A\bin\rc.exe /nologo /fo"Debug\APP.exe.embed.manifest.res" Debug\APP_manifest.rc 
       LinkEmbedManifest:
         h:\Visual Studio 2010\VC\bin\link.exe /ERRORREPORT:PROMPT /OUT:"C:\Users\cristi\Desktop\APP\Debug\APP.exe" /INCREMENTAL /NOLOGO kernel32.lib user32.lib gdi32.lib winspool.lib comdlg32.lib advapi32.lib shell32.lib ole32.lib oleaut32.lib uuid.lib odbc32.lib odbccp32.lib /MANIFEST /ManifestFile:"Debug\APP.exe.intermediate.manifest" /MANIFESTUAC:"level='asInvoker' uiAccess='false'" /DEBUG /PDB:"C:\Users\cristi\Desktop\APP\Debug\APP.pdb" /SUBSYSTEM:CONSOLE /TLBID:1 /DYNAMICBASE /NXCOMPAT /IMPLIB:"C:\Users\cristi\Desktop\APP\Debug\APP.lib" /MACHINE:X86 Debug\APP.exe.embed.manifest.res
         Debug\APPcpp.obj
         DLL.lib
         APP.vcxproj -> C:\Users\cristi\Desktop\APP\Debug\APP.exe
       FinalizeBuildStatus:
         Deleting file "Debug\APP.unsuccessfulbuild".
         Touching "Debug\APP.lastbuildstate".
     1>Done Building Project "C:\Users\cristi\Desktop\APP\APP\APP.vcxproj" (build target(s)).

Build succeeded.

Time Elapsed 00:00:01.11
